<?xml version="1.0" encoding="UTF-8"?>
<testng-results ignored="0" total="1" passed="0" failed="1" skipped="0">
  <reporter-output>
    <line>
      <![CDATA[- - Connect To DB - -]]>
    </line>
    <line>
      <![CDATA[- - Launch The Browser - -]]>
    </line>
    <line>
      <![CDATA[- - Log In to Application - -]]>
    </line>
    <line>
      <![CDATA[- - Log Out Application - -]]>
    </line>
    <line>
      <![CDATA[- - Close the Browser - -]]>
    </line>
    <line>
      <![CDATA[- - Dis-Connect DB - -]]>
    </line>
  </reporter-output>
  <suite started-at="2023-11-28T19:08:05 IST" name="Default suite" finished-at="2023-11-28T19:08:18 IST" duration-ms="13242">
    <groups>
    </groups>
    <test started-at="2023-11-28T19:08:05 IST" name="Default test" finished-at="2023-11-28T19:08:18 IST" duration-ms="13242">
      <class name="organizationModule.POMCreateOrganization">
        <test-method is-config="true" signature="bSuiteConfig()[pri:0, instance:organizationModule.POMCreateOrganization@909217e]" started-at="2023-11-28T19:08:05 IST" name="bSuiteConfig" finished-at="2023-11-28T19:08:05 IST" duration-ms="16" status="PASS">
          <reporter-output>
            <line>
              <![CDATA[- - Connect To DB - -]]>
            </line>
          </reporter-output>
        </test-method> <!-- bSuiteConfig -->
        <test-method is-config="true" signature="bClassConfig()[pri:0, instance:organizationModule.POMCreateOrganization@909217e]" started-at="2023-11-28T19:08:05 IST" name="bClassConfig" finished-at="2023-11-28T19:08:09 IST" duration-ms="3405" status="PASS">
          <reporter-output>
            <line>
              <![CDATA[- - Launch The Browser - -]]>
            </line>
          </reporter-output>
        </test-method> <!-- bClassConfig -->
        <test-method is-config="true" signature="bMethodConfig()[pri:0, instance:organizationModule.POMCreateOrganization@909217e]" started-at="2023-11-28T19:08:09 IST" name="bMethodConfig" finished-at="2023-11-28T19:08:14 IST" duration-ms="5579" status="PASS">
          <reporter-output>
            <line>
              <![CDATA[- - Log In to Application - -]]>
            </line>
          </reporter-output>
        </test-method> <!-- bMethodConfig -->
        <test-method signature="organization()[pri:0, instance:organizationModule.POMCreateOrganization@909217e]" started-at="2023-11-28T19:08:14 IST" name="organization" finished-at="2023-11-28T19:08:16 IST" duration-ms="1927" status="FAIL">
          <exception class="java.lang.AssertionError">
            <message>
              <![CDATA[expected [ Administrator - Home - vtiger CRM 5 - Commercial Open Source CRM] but found [Administrator - Home - vtiger CRM 5 - Commercial Open Source CRM]]]>
            </message>
            <full-stacktrace>
              <![CDATA[java.lang.AssertionError: expected [ Administrator - Home - vtiger CRM 5 - Commercial Open Source CRM] but found [Administrator - Home - vtiger CRM 5 - Commercial Open Source CRM]
at org.testng.Assert.fail(Assert.java:111)
at org.testng.Assert.failNotEquals(Assert.java:1578)
at org.testng.Assert.assertEqualsImpl(Assert.java:150)
at org.testng.Assert.assertEquals(Assert.java:132)
at org.testng.Assert.assertEquals(Assert.java:656)
at org.testng.Assert.assertEquals(Assert.java:666)
at organizationModule.POMCreateOrganization.organization(POMCreateOrganization.java:62)
at java.base/jdk.internal.reflect.DirectMethodHandleAccessor.invoke(DirectMethodHandleAccessor.java:104)
at java.base/java.lang.reflect.Method.invoke(Method.java:578)
at org.testng.internal.invokers.MethodInvocationHelper.invokeMethod(MethodInvocationHelper.java:139)
at org.testng.internal.invokers.TestInvoker.invokeMethod(TestInvoker.java:664)
at org.testng.internal.invokers.TestInvoker.invokeTestMethod(TestInvoker.java:227)
at org.testng.internal.invokers.MethodRunner.runInSequence(MethodRunner.java:50)
at org.testng.internal.invokers.TestInvoker$MethodInvocationAgent.invoke(TestInvoker.java:957)
at org.testng.internal.invokers.TestInvoker.invokeTestMethods(TestInvoker.java:200)
at org.testng.internal.invokers.TestMethodWorker.invokeTestMethods(TestMethodWorker.java:148)
at org.testng.internal.invokers.TestMethodWorker.run(TestMethodWorker.java:128)
at java.base/java.util.ArrayList.forEach(ArrayList.java:1511)
at org.testng.TestRunner.privateRun(TestRunner.java:848)
at org.testng.TestRunner.run(TestRunner.java:621)
at org.testng.SuiteRunner.runTest(SuiteRunner.java:443)
at org.testng.SuiteRunner.runSequentially(SuiteRunner.java:437)
at org.testng.SuiteRunner.privateRun(SuiteRunner.java:397)
at org.testng.SuiteRunner.run(SuiteRunner.java:336)
at org.testng.SuiteRunnerWorker.runSuite(SuiteRunnerWorker.java:52)
at org.testng.SuiteRunnerWorker.run(SuiteRunnerWorker.java:95)
at org.testng.TestNG.runSuitesSequentially(TestNG.java:1280)
at org.testng.TestNG.runSuitesLocally(TestNG.java:1200)
at org.testng.TestNG.runSuites(TestNG.java:1114)
at org.testng.TestNG.run(TestNG.java:1082)
at org.testng.remote.AbstractRemoteTestNG.run(AbstractRemoteTestNG.java:115)
at org.testng.remote.RemoteTestNG.initAndRun(RemoteTestNG.java:251)
at org.testng.remote.RemoteTestNG.main(RemoteTestNG.java:77)
]]>
            </full-stacktrace>
          </exception> <!-- java.lang.AssertionError -->
          <reporter-output>
          </reporter-output>
        </test-method> <!-- organization -->
        <test-method is-config="true" signature="aMethodConfig()[pri:0, instance:organizationModule.POMCreateOrganization@909217e]" started-at="2023-11-28T19:08:16 IST" name="aMethodConfig" finished-at="2023-11-28T19:08:18 IST" duration-ms="1558" status="PASS">
          <reporter-output>
            <line>
              <![CDATA[- - Log Out Application - -]]>
            </line>
          </reporter-output>
        </test-method> <!-- aMethodConfig -->
        <test-method is-config="true" signature="aClassConfig()[pri:0, instance:organizationModule.POMCreateOrganization@909217e]" started-at="2023-11-28T19:08:18 IST" name="aClassConfig" finished-at="2023-11-28T19:08:18 IST" duration-ms="234" status="PASS">
          <reporter-output>
            <line>
              <![CDATA[- - Close the Browser - -]]>
            </line>
          </reporter-output>
        </test-method> <!-- aClassConfig -->
        <test-method is-config="true" signature="aSuiteConfig()[pri:0, instance:organizationModule.POMCreateOrganization@909217e]" started-at="2023-11-28T19:08:19 IST" name="aSuiteConfig" finished-at="2023-11-28T19:08:19 IST" duration-ms="0" status="PASS">
          <reporter-output>
            <line>
              <![CDATA[- - Dis-Connect DB - -]]>
            </line>
          </reporter-output>
        </test-method> <!-- aSuiteConfig -->
      </class> <!-- organizationModule.POMCreateOrganization -->
    </test> <!-- Default test -->
  </suite> <!-- Default suite -->
</testng-results>
